<?xml version="1.0" encoding="UTF-8"?>
<!-- Generated by org.testng.reporters.JUnitReportReporter -->
<testsuite hostname="DESKTOP-JHCPOK9" failures="0" tests="1" name="authoruzation.PostWithBasicAuth" time="4.573" errors="0" timestamp="2021-04-03T13:07:43 IST" skipped="0">
  <testcase classname="authoruzation.PostWithBasicAuth" name="basicAuthTest" time="4.573"/>
  <system-out/>
</testsuite> <!-- authoruzation.PostWithBasicAuth -->
