<?xml version="1.0" encoding="UTF-8"?>
<!-- Generated by org.testng.reporters.JUnitReportReporter -->
<testsuite hostname="DESKTOP-JHCPOK9" failures="0" tests="3" name="datadriventest.PostCreateNewUser" time="6.053" errors="0" timestamp="2021-04-03T18:44:56 IST" skipped="0">
  <testcase classname="datadriventest.PostCreateNewUser" name="createNewUsers" time="1.267"/>
  <system-out/>
  <testcase classname="datadriventest.PostCreateNewUser" name="createNewUsers" time="3.663"/>
  <system-out/>
  <testcase classname="datadriventest.PostCreateNewUser" name="createNewUsers" time="1.123"/>
  <system-out/>
</testsuite> <!-- datadriventest.PostCreateNewUser -->
