<?xml version="1.0" encoding="UTF-8"?>
<!-- Generated by org.testng.reporters.JUnitReportReporter -->
<testsuite hostname="DESKTOP-JHCPOK9" failures="0" tests="1" name="apitest.Tc002PostCreateuser" time="2.381" errors="0" timestamp="2021-04-02T20:03:33 IST" skipped="0">
  <testcase classname="apitest.Tc002PostCreateuser" name="createNewUser" time="2.381"/>
  <system-out/>
</testsuite> <!-- apitest.Tc002PostCreateuser -->
