<?xml version="1.0" encoding="UTF-8"?>
<!-- Generated by org.testng.reporters.JUnitReportReporter -->
<testsuite hostname="DESKTOP-JHCPOK9" failures="0" tests="1" name="apitest.TC001GetWeatherMapAPI" time="3.258" errors="0" timestamp="2021-04-02T21:05:12 IST" skipped="0">
  <testcase classname="apitest.TC001GetWeatherMapAPI" name="getWeatherDetails" time="3.258"/>
  <system-out/>
</testsuite> <!-- apitest.TC001GetWeatherMapAPI -->
