<?xml version="1.0" encoding="UTF-8"?>
<!-- Generated by org.testng.reporters.JUnitReportReporter -->
<testsuite hostname="DESKTOP-JHCPOK9" failures="0" tests="1" name="apitest.TC003GetWeatherDetailsValidateHeaders" time="3.215" errors="0" timestamp="2021-04-02T21:30:52 IST" skipped="0">
  <testcase classname="apitest.TC003GetWeatherDetailsValidateHeaders" name="getWeatherDetailsValidateHeaders" time="3.215"/>
  <system-out/>
</testsuite> <!-- apitest.TC003GetWeatherDetailsValidateHeaders -->
