<?xml version="1.0" encoding="UTF-8"?>
<!-- Generated by org.testng.reporters.JUnitReportReporter -->
<testsuite hostname="DESKTOP-JHCPOK9" failures="0" tests="1" name="apitest.TC003GetSuperMarkets" time="3.172" errors="0" timestamp="2021-04-02T21:05:35 IST" skipped="0">
  <testcase classname="apitest.TC003GetSuperMarkets" name="getSuperMarketDetails" time="3.172"/>
  <system-out/>
</testsuite> <!-- apitest.TC003GetSuperMarkets -->
