<?xml version="1.0" encoding="UTF-8"?>
<!-- Generated by org.testng.reporters.JUnitReportReporter -->
<testsuite hostname="DESKTOP-JHCPOK9" failures="0" tests="1" name="apitest.TC005GetCallValidateReponseBody" time="4.843" errors="0" timestamp="2021-04-03T12:35:18 IST" skipped="0">
  <testcase classname="apitest.TC005GetCallValidateReponseBody" name="getValidateJsonResponse" time="4.843"/>
  <system-out/>
</testsuite> <!-- apitest.TC005GetCallValidateReponseBody -->
