<?xml version="1.0" encoding="UTF-8"?>
<!-- Generated by org.testng.reporters.JUnitReportReporter -->
<testsuite hostname="DESKTOP-JHCPOK9" failures="0" tests="5" name="datadriventest.PostCreateNewUserWithCsv" time="2.235" errors="0" timestamp="2021-04-03T19:47:09 IST" skipped="0">
  <testcase classname="datadriventest.PostCreateNewUserWithCsv" name="createNewUsers" time="0.057"/>
  <system-out/>
  <testcase classname="datadriventest.PostCreateNewUserWithCsv" name="createNewUsers" time="0.030"/>
  <system-out/>
  <testcase classname="datadriventest.PostCreateNewUserWithCsv" name="createNewUsers" time="0.041"/>
  <system-out/>
  <testcase classname="datadriventest.PostCreateNewUserWithCsv" name="createNewUsers" time="2.077"/>
  <system-out/>
  <testcase classname="datadriventest.PostCreateNewUserWithCsv" name="createNewUsers" time="0.030"/>
  <system-out/>
</testsuite> <!-- datadriventest.PostCreateNewUserWithCsv -->
