<?xml version="1.0" encoding="UTF-8"?>
<!-- Generated by org.testng.reporters.JUnitReportReporter -->
<testsuite hostname="DESKTOP-JHCPOK9" failures="0" tests="1" name="apitest.TC004GetCountriesByCapitalPrintAllHeaders" time="4.993" errors="0" timestamp="2021-04-03T11:34:34 IST" skipped="0">
  <testcase classname="apitest.TC004GetCountriesByCapitalPrintAllHeaders" name="getCountriesByCapitalPrintHeaders" time="4.993"/>
  <system-out/>
</testsuite> <!-- apitest.TC004GetCountriesByCapitalPrintAllHeaders -->
